<?xml version="1.0" encoding="UTF-8"?>
<!-- Generated by org.testng.reporters.JUnitReportReporter -->
<testsuite name="Game_DBTest" tests="1" time="0.262" ignored="0" failures="0" timestamp="11 Mar 2017 16:59:13 GMT" skipped="0" hostname="Remon" errors="0">
  <testcase name="LoadFields" time="0.262" classname="Game_DBTest"/>
</testsuite> <!-- Game_DBTest -->
