<?xml version="1.0" encoding="UTF-8"?>
<!-- Generated by org.testng.reporters.JUnitReportReporter -->
<testsuite skipped="1" hostname="yaso" name="swe2.springbootstarter.course.CourseServiceTest" tests="1" failures="0" timestamp="12 May 2017 15:32:57 GMT" time="0.000" errors="0">
  <testcase name="getCourseByTeacherMail" time="0.000" classname="swe2.springbootstarter.course.CourseServiceTest">
    <skipped/>
  </testcase> <!-- getCourseByTeacherMail -->
</testsuite> <!-- swe2.springbootstarter.course.CourseServiceTest -->
