<?xml version="1.0" encoding="UTF-8"?>
<!-- Generated by org.testng.reporters.JUnitReportReporter -->
<testsuite skipped="3" hostname="Remon" name="swe2.springbootstarter.course.GameServiceTest" tests="3" failures="0" timestamp="11 May 2017 13:33:52 GMT" time="0.000" errors="0">
  <testcase name="getGame" time="0.000" classname="swe2.springbootstarter.course.GameServiceTest">
    <skipped/>
  </testcase> <!-- getGame -->
  <testcase name="isGameExist" time="0.000" classname="swe2.springbootstarter.course.GameServiceTest">
    <skipped/>
  </testcase> <!-- isGameExist -->
  <testcase name="getAllGames" time="0.000" classname="swe2.springbootstarter.course.GameServiceTest">
    <skipped/>
  </testcase> <!-- getAllGames -->
</testsuite> <!-- swe2.springbootstarter.course.GameServiceTest -->
